<?xml version="1.0" encoding="UTF-8"?>
<!-- Generated by org.testng.reporters.JUnitReportReporter -->
<testsuite name="test1.NewTest2" tests="1" time="0.008" ignored="0" failures="0" timestamp="14 Jan 2017 19:29:19 GMT" skipped="0" hostname="A7P-00000-THARM" errors="0">
  <testcase name="f" time="0.008" classname="test1.NewTest2"/>
</testsuite> <!-- test1.NewTest2 -->
